<?xml version="1.0" encoding="UTF-8"?>
<testng-results ignored="0" total="1" passed="1" failed="0" skipped="0">
  <reporter-output>
  </reporter-output>
  <suite started-at="2026-05-19T10:55:17 IST" name="Default suite" finished-at="2026-05-19T10:55:18 IST" duration-ms="52">
    <groups>
    </groups>
    <test started-at="2026-05-19T10:55:17 IST" name="Default test" finished-at="2026-05-19T10:55:18 IST" duration-ms="52">
      <class name="javaStreams.streamCollect">
        <test-method signature="streamcollect()[pri:0, instance:javaStreams.streamCollect@dd05255]" started-at="2026-05-19T10:55:18 IST" name="streamcollect" finished-at="2026-05-19T10:55:18 IST" duration-ms="10" status="PASS">
          <reporter-output>
          </reporter-output>
        </test-method> <!-- streamcollect -->
      </class> <!-- javaStreams.streamCollect -->
    </test> <!-- Default test -->
  </suite> <!-- Default suite -->
</testng-results>
