<?xml version="1.0" encoding="UTF-8"?>
<!-- Generated by org.testng.reporters.JUnitReportReporter -->
<testsuite hostname="DESKTOP-5M1LCNA" failures="0" tests="3" name="rahulshettyacademy.tests.SubmitOrderTest" time="43.140" errors="0" timestamp="2026-05-30T18:52:13 IST" skipped="0">
  <testcase classname="rahulshettyacademy.tests.SubmitOrderTest" name="OrderHistoryTest" time="7.295"/>
  <testcase classname="rahulshettyacademy.tests.SubmitOrderTest" name="submitOrder" time="16.292"/>
  <testcase classname="rahulshettyacademy.tests.SubmitOrderTest" name="submitOrder" time="19.553"/>
</testsuite> <!-- rahulshettyacademy.tests.SubmitOrderTest -->
