<?xml version="1.0" encoding="UTF-8"?>
<!-- Generated by org.testng.reporters.JUnitXMLReporter -->
<testsuite ignored="1" hostname="DESKTOP-5M1LCNA" failures="1" tests="2" name="Car Loan" time="0.043" errors="0" timestamp="2026-05-21T22:22:52 IST">
  <testcase classname="testNG.day3" name="MobileLogincarLoan" time="0.0">
    <failure type="org.testng.TestNGException" message="
Method public void testNG.day3.MobileLogincarLoan(java.lang.String,java.lang.String) requires a @DataProvider named : getData">
      <![CDATA[org.testng.TestNGException: 
Method public void testNG.day3.MobileLogincarLoan(java.lang.String,java.lang.String) requires a @DataProvider named : getData
at java.base/java.util.ArrayList.forEach(ArrayList.java:1596)
at java.base/java.util.concurrent.FutureTask.run(FutureTask.java:317)
at java.base/java.util.concurrent.ThreadPoolExecutor.runWorker(ThreadPoolExecutor.java:1144)
at java.base/java.util.concurrent.ThreadPoolExecutor$Worker.run(ThreadPoolExecutor.java:642)
at java.base/java.lang.Thread.run(Thread.java:1583)
... Removed 14 stack frames]]>
    </failure>
  </testcase> <!-- MobileLogincarLoan -->
  <testcase classname="testNG.day3" name="MobileSignoutCarLoan" time="0.006"/>
  <testcase classname="testNG.day3" name="LoginAPIcarloan" time="0.0">
    <ignored/>
  </testcase> <!-- LoginAPIcarloan -->
</testsuite> <!-- Car Loan -->
