<?xml version="1.0" encoding="UTF-8"?>
<!-- Generated by org.testng.reporters.JUnitXMLReporter -->
<testsuite ignored="1" hostname="DESKTOP-5M1LCNA" failures="0" tests="5" name="Personal Loan" time="0.065" errors="0" timestamp="2026-05-21T22:22:52 IST">
  <testcase classname="testNG.day1" name="Demo" time="0.003"/>
  <testcase classname="testNG.day2" name="pLoan" time="0.003"/>
  <testcase classname="testNG.day4" name="LoginAPIHomeLoan" time="0.002"/>
  <testcase classname="testNG.day4" name="MobileLoginHomeLoan" time="0.001"/>
  <testcase classname="testNG.day4" name="WebloginHomeLoan" time="0.002"/>
  <testcase classname="testNG.day1" name="SecondTest" time="0.0">
    <ignored/>
  </testcase> <!-- SecondTest -->
</testsuite> <!-- Personal Loan -->
