<?xml version="1.0" encoding="UTF-8"?>
<!-- Generated by org.testng.reporters.JUnitXMLReporter -->
<testsuite ignored="6" hostname="DESKTOP-5M1LCNA" failures="0" tests="3" name="Regression" time="0.056" errors="0" timestamp="2026-05-21T09:42:54 IST">
  <testcase classname="testNG.day2" name="pLoan" time="0.016"/>
  <testcase classname="testNG.day3" name="MobileLogincarLoan" time="0.001"/>
  <testcase classname="testNG.day4" name="MobileLoginHomeLoan" time="0.002"/>
  <testcase classname="testNG.day1" name="SecondTest" time="0.0">
    <ignored/>
  </testcase> <!-- SecondTest -->
  <testcase classname="testNG.day3" name="webloginCarLoan" time="0.0">
    <ignored/>
  </testcase> <!-- webloginCarLoan -->
  <testcase classname="testNG.day3" name="LoginAPIcarloan" time="0.0">
    <ignored/>
  </testcase> <!-- LoginAPIcarloan -->
  <testcase classname="testNG.day4" name="LoginAPIHomeLoan" time="0.0">
    <ignored/>
  </testcase> <!-- LoginAPIHomeLoan -->
  <testcase classname="testNG.day1" name="Demo" time="0.0">
    <ignored/>
  </testcase> <!-- Demo -->
  <testcase classname="testNG.day4" name="WebloginHomeLoan" time="0.0">
    <ignored/>
  </testcase> <!-- WebloginHomeLoan -->
</testsuite> <!-- Regression -->
