<?xml version="1.0" encoding="UTF-8"?>
<!-- Generated by org.testng.reporters.JUnitReportReporter -->
<testsuite hostname="DESKTOP-5M1LCNA" failures="0" tests="3" name="testNG.day4" time="0.005" errors="0" timestamp="2026-05-21T22:22:52 IST" skipped="0">
  <testcase classname="testNG.day4" name="MobileLoginHomeLoan" time="0.001"/>
  <testcase classname="testNG.day4" name="LoginAPIHomeLoan" time="0.002"/>
  <testcase classname="testNG.day4" name="WebloginHomeLoan" time="0.002"/>
</testsuite> <!-- testNG.day4 -->
