<?xml version="1.0" encoding="UTF-8"?>
<testng-results ignored="0" total="1" passed="1" failed="0" skipped="0">
  <reporter-output>
  </reporter-output>
  <suite started-at="2026-05-27T14:16:59 IST" name="Default suite" finished-at="2026-05-27T14:17:23 IST" duration-ms="24191">
    <groups>
    </groups>
    <test started-at="2026-05-27T14:16:59 IST" name="Default test" finished-at="2026-05-27T14:17:23 IST" duration-ms="24191">
      <class name="ExtentReporter.ExtentReportDemo">
        <test-method is-config="true" signature="config()[pri:0, instance:ExtentReporter.ExtentReportDemo@1f2586d6]" started-at="2026-05-27T14:16:59 IST" name="config" finished-at="2026-05-27T14:17:00 IST" duration-ms="1278" status="PASS">
          <reporter-output>
          </reporter-output>
        </test-method> <!-- config -->
        <test-method signature="initialDemo()[pri:0, instance:ExtentReporter.ExtentReportDemo@1f2586d6]" started-at="2026-05-27T14:17:00 IST" name="initialDemo" finished-at="2026-05-27T14:17:23 IST" duration-ms="22739" status="PASS">
          <reporter-output>
          </reporter-output>
        </test-method> <!-- initialDemo -->
      </class> <!-- ExtentReporter.ExtentReportDemo -->
    </test> <!-- Default test -->
  </suite> <!-- Default suite -->
</testng-results>
